[debug] > Exec(early(addDefaultCommands), None, None)
[debug] > Exec(addDefaultCommands, None, None)
[debug] > Exec(early(initialize), None, None)
[debug] > Exec(initialize, None, None)
[debug] > Exec(boot, None, None)
[debug] > Exec(writeSbtVersion, None, None)
[debug] > Exec(reload, None, None)
[debug] > Exec(sbtStashOnFailure, None, None)
[debug] > Exec(onFailure loadFailed, None, None)
[debug] > Exec(loadp, None, None)
[info] welcome to sbt 1.9.6 (Microsoft Java 21.0.9)
[debug] Load.defaultLoad until apply took 165.57112ms
[debug]           Load.loadUnit: plugins took 84.287473ms
[debug]           Load.loadUnit: defsScala took 0.261979ms
[debug] [Loading] Scanning directory /workspaces/YahtzeeScala/project
[debug] [Loading] Found non-root projects 
[debug] [Loading] Done in /workspaces/YahtzeeScala/project, returning: ()
[debug] deducing auto plugins based on known facts Set(Atom(sbt.plugins.CorePlugin)) and clauses Clauses(Clause(Atom(sbt.plugins.JvmPlugin),Set(Atom(sbt.plugins.IvyPlugin)))
[debug] Clause(Atom(sbt.ScriptedPlugin),Set(Atom(sbt.plugins.JvmPlugin)))
[debug] Clause(Atom(sbt.plugins.SbtPlugin),Set(Atom(sbt.ScriptedPlugin)))
[debug] Clause(Atom(sbt.plugins.SemanticdbPlugin),Set(Atom(sbt.plugins.JvmPlugin)))
[debug] Clause(Atom(sbt.plugins.JUnitXmlReportPlugin),Set(Atom(sbt.plugins.JvmPlugin)))
[debug] Clause(Atom(sbt.plugins.MiniDependencyTreePlugin),Set(Atom(sbt.plugins.JvmPlugin)))
[debug] Clause(Atom(sbt.plugins.CorePlugin),Set(Atom(sbt.plugins.IvyPlugin)))
[debug] Clause(Atom(sbt.plugins.IvyPlugin),Set(Atom(sbt.plugins.JvmPlugin)))
[debug] Clause(Atom(sbt.plugins.JvmPlugin),Set(Atom(sbt.plugins.SemanticdbPlugin)))
[debug] Clause(Atom(sbt.plugins.JvmPlugin),Set(Atom(sbt.plugins.JUnitXmlReportPlugin)))
[debug] Clause(Atom(sbt.plugins.CorePlugin),Set(Atom(sbt.plugins.Giter8TemplatePlugin)))
[debug] Clause(Atom(sbt.plugins.JvmPlugin),Set(Atom(sbt.plugins.MiniDependencyTreePlugin))))
[debug]   :: deduced result: Matched(sbt.plugins.CorePlugin,sbt.plugins.Giter8TemplatePlugin,sbt.plugins.IvyPlugin,sbt.plugins.JvmPlugin,sbt.plugins.MiniDependencyTreePlugin,sbt.plugins.JUnitXmlReportPlugin,sbt.plugins.SemanticdbPlugin)
[debug] Plugins.deducer#function took 34.44857 ms
[debug]               Load.resolveProject(yahtzeescala-build) took 83.470499ms
[debug]             Load.loadTransitive: finalizeProject(Project(id yahtzeescala-build, base: /workspaces/YahtzeeScala/project, plugins: List(<none>))) took 157.192911ms
[debug] [Loading] Done in /workspaces/YahtzeeScala/project, returning: (yahtzeescala-build)
[debug]           Load.loadUnit: loadedProjectsRaw took 185.496256ms
[debug]           Load.loadUnit: cleanEvalClasses took 0.20904ms
[debug]         Load.loadUnit(file:/workspaces/YahtzeeScala/project/, ...) took 279.672579ms
[debug]       Load.apply: load took 655.763353ms
[debug]       Load.apply: resolveProjects took 10.927387ms
[debug]       Load.apply: finalTransforms took 146.981869ms
[debug]       Load.apply: config.delegates took 18.762657ms
[debug]       Load.apply: Def.make(settings)... took 769.064552ms
[debug]       Load.apply: structureIndex took 151.727685ms
[debug]       Load.apply: mkStreams took 1.154784ms
[info] loading project definition from /workspaces/YahtzeeScala/project
[debug] Running task... Cancel: Signal, check cycles: false, forcegc: true
[debug]     Load.loadUnit: plugins took 3058.778231ms
[debug]     Load.loadUnit: defsScala took 0.005199ms
[debug] [Loading] Scanning directory /workspaces/YahtzeeScala
[debug]       Load.loadUnit: mkEval took 3.56968ms
[debug] [Loading] Found non-root projects 
[debug] [Loading] Done in /workspaces/YahtzeeScala, returning: ()
[debug] deducing auto plugins based on known facts Set(Atom(sbt.plugins.CorePlugin)) and clauses Clauses(Clause(Atom(sbt.plugins.JvmPlugin),Set(Atom(sbt.plugins.IvyPlugin)))
[debug] Clause(Atom(sbt.ScriptedPlugin),Set(Atom(sbt.plugins.JvmPlugin)))
[debug] Clause(Atom(sbt.plugins.SbtPlugin),Set(Atom(sbt.ScriptedPlugin)))
[debug] Clause(Atom(sbt.plugins.SemanticdbPlugin),Set(Atom(sbt.plugins.JvmPlugin)))
[debug] Clause(Atom(sbt.plugins.JUnitXmlReportPlugin),Set(Atom(sbt.plugins.JvmPlugin)))
[debug] Clause(Atom(sbt.plugins.MiniDependencyTreePlugin),Set(Atom(sbt.plugins.JvmPlugin)))
[debug] Clause(Atom(sbt.plugins.CorePlugin),Set(Atom(sbt.plugins.IvyPlugin)))
[debug] Clause(Atom(sbt.plugins.IvyPlugin),Set(Atom(sbt.plugins.JvmPlugin)))
[debug] Clause(Atom(sbt.plugins.JvmPlugin),Set(Atom(sbt.plugins.SemanticdbPlugin)))
[debug] Clause(Atom(sbt.plugins.JvmPlugin),Set(Atom(sbt.plugins.JUnitXmlReportPlugin)))
[debug] Clause(Atom(sbt.plugins.CorePlugin),Set(Atom(sbt.plugins.Giter8TemplatePlugin)))
[debug] Clause(Atom(sbt.plugins.JvmPlugin),Set(Atom(sbt.plugins.MiniDependencyTreePlugin))))
[debug]   :: deduced result: Matched(sbt.plugins.CorePlugin,sbt.plugins.Giter8TemplatePlugin,sbt.plugins.IvyPlugin,sbt.plugins.JvmPlugin,sbt.plugins.MiniDependencyTreePlugin,sbt.plugins.JUnitXmlReportPlugin,sbt.plugins.SemanticdbPlugin)
[debug] Plugins.deducer#function took 5.446231 ms
[info] loading settings for project yahtzeescala from build.sbt ...
[debug]         Load.resolveProject(yahtzeescala) took 4.252233ms
[debug]       Load.loadTransitive: finalizeProject(Project(id yahtzeescala, base: /workspaces/YahtzeeScala, plugins: List(<none>))) took 10.529465ms
[debug] [Loading] Done in /workspaces/YahtzeeScala, returning: (yahtzeescala)
[debug]     Load.loadUnit: loadedProjectsRaw took 111.354962ms
[debug]     Load.loadUnit: cleanEvalClasses took 5.256877ms
[debug]   Load.loadUnit(file:/workspaces/YahtzeeScala/, ...) took 3178.931567ms
[debug] Load.apply: load took 3204.782086ms
[debug] Load.apply: resolveProjects took 0.137757ms
[debug] Load.apply: finalTransforms took 16.532695ms
[debug] Load.apply: config.delegates took 2.146986ms
[debug] Load.apply: Def.make(settings)... took 235.539749ms
[debug] Load.apply: structureIndex took 71.943605ms
[debug] Load.apply: mkStreams took 0.003717ms
[info] set current project to YahtzeeScala (in build file:/workspaces/YahtzeeScala/)
[debug] > Exec(sbtPopOnFailure, None, None)
[debug] > Exec(resumeFromFailure, None, None)
[debug] > Exec(notifyUsersAboutShell, None, None)
[debug] > Exec(iflast shell, None, None)
[debug] > Exec(run, None, None)
[debug] Evaluating tasks: Compile / run
[debug] Running task... Cancel: Signal, check cycles: false, forcegc: true
[info] compiling 3 Scala sources to /workspaces/YahtzeeScala/target/scala-2.13/classes ...
[info] done compiling
